TN:
SF:src/components/CategorySelectButton/index.tsx
FN:14,(anonymous_0)
FNF:1
FNH:1
FNDA:2,(anonymous_0)
DA:14,1
DA:15,2
LF:2
LH:2
BRF:0
BRH:0
end_of_record
TN:
SF:src/components/Form/Button/index.tsx
FN:11,(anonymous_0)
FNF:1
FNH:1
FNDA:3,(anonymous_0)
DA:11,1
DA:12,3
LF:2
LH:2
BRF:0
BRH:0
end_of_record
TN:
SF:src/components/Form/Input/index.tsx
FN:10,(anonymous_0)
FNF:1
FNH:1
FNDA:5,(anonymous_0)
DA:10,2
DA:11,5
LF:2
LH:2
BRDA:10,0,0,4
BRF:1
BRH:1
end_of_record
TN:
SF:src/components/Form/TransactionTypeButton/index.tsx
FN:21,(anonymous_0)
FNF:1
FNH:1
FNDA:4,(anonymous_0)
DA:10,1
DA:21,1
DA:22,4
LF:3
LH:3
BRF:0
BRH:0
end_of_record
TN:
SF:src/components/HighlightCard/index.tsx
FN:27,(anonymous_0)
FNF:1
FNH:0
FNDA:0,(anonymous_0)
DA:21,0
DA:27,0
DA:28,0
LF:3
LH:0
BRF:0
BRH:0
end_of_record
TN:
SF:src/components/HistoryCard/index.tsx
FN:15,HistoryCard
FNF:1
FNH:0
FNDA:0,HistoryCard
DA:16,0
LF:1
LH:0
BRF:0
BRH:0
end_of_record
TN:
SF:src/components/InputForm/index.tsx
FN:14,(anonymous_0)
FN:19,(anonymous_1)
FNF:2
FNH:2
FNDA:4,(anonymous_0)
FNDA:4,(anonymous_1)
DA:14,1
DA:15,4
DA:20,4
LF:3
LH:3
BRDA:28,0,0,4
BRDA:28,0,1,0
BRF:2
BRH:1
end_of_record
TN:
SF:src/components/SignInSocialButton/index.tsx
FN:16,(anonymous_0)
FNF:1
FNH:0
FNDA:0,(anonymous_0)
DA:16,0
DA:17,0
LF:2
LH:0
BRF:0
BRH:0
end_of_record
TN:
SF:src/components/TransactionCard/index.tsx
FN:28,(anonymous_0)
FN:32,(anonymous_1)
FNF:2
FNH:0
FNDA:0,(anonymous_0)
FNDA:0,(anonymous_1)
DA:28,0
DA:31,0
DA:32,0
DA:35,0
LF:4
LH:0
BRDA:39,0,0,0
BRDA:39,0,1,0
BRF:2
BRH:0
end_of_record
TN:
SF:src/hooks/auth.tsx
FN:38,(anonymous_0)
FN:44,signInWithGoogle
FN:73,signInWithApple
FN:99,signOut
FN:104,(anonymous_4)
FN:105,loadUserStorageDate
FN:130,useAuth
FNF:7
FNH:5
FNDA:7,(anonymous_0)
FNDA:3,signInWithGoogle
FNDA:0,signInWithApple
FNDA:0,signOut
FNDA:3,(anonymous_4)
FNDA:3,loadUserStorageDate
FNDA:9,useAuth
DA:6,2
DA:7,2
DA:36,2
DA:38,2
DA:39,7
DA:40,7
DA:42,7
DA:45,3
DA:46,3
DA:47,3
DA:49,3
DA:52,3
DA:53,2
DA:54,1
DA:55,1
DA:57,1
DA:64,1
DA:65,1
DA:69,1
DA:74,0
DA:75,0
DA:82,0
DA:83,0
DA:84,0
DA:91,0
DA:92,0
DA:95,0
DA:100,0
DA:101,0
DA:104,7
DA:106,3
DA:107,3
DA:108,0
DA:110,3
DA:113,3
DA:116,7
DA:131,9
DA:132,9
LF:38
LH:27
BRDA:53,0,0,1
BRDA:53,0,1,1
BRDA:82,1,0,0
BRDA:82,1,1,0
BRDA:107,2,0,0
BRDA:107,2,1,3
BRF:6
BRH:3
end_of_record
TN:
SF:src/routes/app.routes.tsx
FN:13,AppRoutes
FN:33,(anonymous_1)
FN:46,(anonymous_2)
FN:59,(anonymous_3)
FNF:4
FNH:0
FNDA:0,AppRoutes
FNDA:0,(anonymous_1)
FNDA:0,(anonymous_2)
FNDA:0,(anonymous_3)
DA:11,0
DA:14,0
DA:16,0
DA:34,0
DA:47,0
DA:60,0
LF:6
LH:0
BRDA:25,0,0,0
BRDA:25,0,1,0
BRF:2
BRH:0
end_of_record
TN:
SF:src/routes/auth.routes.tsx
FN:8,AuthRoutes
FNF:1
FNH:0
FNDA:0,AuthRoutes
DA:6,0
DA:9,0
LF:2
LH:0
BRF:0
BRH:0
end_of_record
TN:
SF:src/routes/index.tsx
FN:9,Routes
FNF:1
FNH:0
FNDA:0,Routes
DA:10,0
DA:12,0
LF:2
LH:0
BRDA:14,0,0,0
BRDA:14,0,1,0
BRF:2
BRH:0
end_of_record
TN:
SF:src/screens/CategorySelect/index.tsx
FN:28,(anonymous_0)
FN:34,hanldeCategorySelect
FN:51,(anonymous_2)
FN:52,(anonymous_3)
FN:54,(anonymous_4)
FN:61,(anonymous_5)
FNF:6
FNH:4
FNDA:1,(anonymous_0)
FNDA:0,hanldeCategorySelect
FNDA:6,(anonymous_2)
FNDA:6,(anonymous_3)
FNDA:0,(anonymous_4)
FNDA:5,(anonymous_5)
DA:28,1
DA:35,0
DA:39,1
DA:51,6
DA:53,6
DA:54,0
DA:61,5
LF:7
LH:5
BRF:0
BRH:0
end_of_record
TN:
SF:src/screens/Dashboard/index.tsx
FN:45,(anonymous_0)
FN:54,getLastTransactionDate
FN:60,(anonymous_2)
FN:69,(anonymous_3)
FN:81,loadTransactions
FN:91,(anonymous_5)
FN:168,(anonymous_6)
FN:231,(anonymous_7)
FN:232,(anonymous_8)
FNF:9
FNH:0
FNDA:0,(anonymous_0)
FNDA:0,getLastTransactionDate
FNDA:0,(anonymous_2)
FNDA:0,(anonymous_3)
FNDA:0,loadTransactions
FNDA:0,(anonymous_5)
FNDA:0,(anonymous_6)
FNDA:0,(anonymous_7)
FNDA:0,(anonymous_8)
DA:45,0
DA:46,0
DA:48,0
DA:49,0
DA:50,0
DA:52,0
DA:59,0
DA:60,0
DA:62,0
DA:63,0
DA:66,0
DA:70,0
DA:75,0
DA:78,0
DA:82,0
DA:83,0
DA:84,0
DA:86,0
DA:87,0
DA:88,0
DA:90,0
DA:92,0
DA:93,0
DA:95,0
DA:98,0
DA:103,0
DA:109,0
DA:120,0
DA:122,0
DA:123,0
DA:125,0
DA:129,0
DA:157,0
DA:159,0
DA:167,0
DA:169,0
DA:173,0
DA:231,0
DA:233,0
LF:39
LH:0
BRDA:62,0,0,0
BRDA:62,0,1,0
BRDA:88,1,0,0
BRDA:88,1,1,0
BRDA:92,2,0,0
BRDA:92,2,1,0
BRDA:125,3,0,0
BRDA:125,3,1,0
BRDA:135,4,0,0
BRDA:135,4,1,0
BRDA:144,5,0,0
BRDA:144,5,1,0
BRDA:175,6,0,0
BRDA:175,6,1,0
BRF:14
BRH:0
end_of_record
TN:
SF:src/screens/Profile/index.tsx
FN:5,(anonymous_0)
FN:12,(anonymous_1)
FNF:2
FNH:1
FNDA:3,(anonymous_0)
FNDA:0,(anonymous_1)
DA:5,1
DA:6,3
LF:2
LH:2
BRF:0
BRH:0
end_of_record
TN:
SF:src/screens/Register/index.tsx
FN:43,(anonymous_0)
FN:68,handleTransactionsTypeSelect
FN:72,handleOpenSelectCategoryModal
FN:76,handleCloseSelectCategoryModal
FN:80,handleRegister
FN:154,(anonymous_5)
FN:160,(anonymous_6)
FNF:7
FNH:2
FNDA:2,(anonymous_0)
FNDA:0,handleTransactionsTypeSelect
FNDA:1,handleOpenSelectCategoryModal
FNDA:0,handleCloseSelectCategoryModal
FNDA:0,handleRegister
FNDA:0,(anonymous_5)
FNDA:0,(anonymous_6)
DA:34,1
DA:43,1
DA:44,2
DA:45,2
DA:46,2
DA:51,2
DA:53,2
DA:62,2
DA:66,2
DA:69,0
DA:73,1
DA:77,0
DA:81,0
DA:83,0
DA:84,0
DA:87,0
DA:88,0
DA:91,0
DA:100,0
DA:101,0
DA:102,0
DA:104,0
DA:109,0
DA:111,0
DA:112,0
DA:113,0
DA:118,0
DA:120,0
DA:121,0
DA:125,2
DA:154,0
DA:160,0
LF:32
LH:11
BRDA:83,0,0,0
BRDA:83,0,1,0
BRDA:87,1,0,0
BRDA:87,1,1,0
BRDA:102,2,0,0
BRDA:102,2,1,0
BRDA:140,3,0,2
BRDA:140,3,1,0
BRDA:147,4,0,2
BRDA:147,4,1,0
BRF:10
BRH:2
end_of_record
TN:
SF:src/screens/Resume/index.tsx
FN:46,(anonymous_0)
FN:54,handleDateChange
FN:64,loadData
FN:71,(anonymous_3)
FN:78,(anonymous_4)
FN:86,(anonymous_5)
FN:89,(anonymous_6)
FN:119,(anonymous_7)
FN:147,(anonymous_8)
FN:153,(anonymous_9)
FN:161,(anonymous_10)
FN:174,(anonymous_11)
FNF:12
FNH:0
FNDA:0,(anonymous_0)
FNDA:0,handleDateChange
FNDA:0,loadData
FNDA:0,(anonymous_3)
FNDA:0,(anonymous_4)
FNDA:0,(anonymous_5)
FNDA:0,(anonymous_6)
FNDA:0,(anonymous_7)
FNDA:0,(anonymous_8)
FNDA:0,(anonymous_9)
FNDA:0,(anonymous_10)
FNDA:0,(anonymous_11)
DA:46,0
DA:47,0
DA:48,0
DA:49,0
DA:51,0
DA:52,0
DA:55,0
DA:56,0
DA:57,0
DA:59,0
DA:60,0
DA:65,0
DA:66,0
DA:67,0
DA:68,0
DA:70,0
DA:72,0
DA:77,0
DA:79,0
DA:84,0
DA:86,0
DA:87,0
DA:89,0
DA:90,0
DA:91,0
DA:95,0
DA:96,0
DA:101,0
DA:103,0
DA:114,0
DA:115,0
DA:118,0
DA:120,0
DA:124,0
DA:147,0
DA:153,0
DA:161,0
DA:175,0
LF:38
LH:0
BRDA:55,0,0,0
BRDA:55,0,1,0
BRDA:68,1,0,0
BRDA:68,1,1,0
BRDA:72,2,0,0
BRDA:72,2,1,0
BRDA:72,2,2,0
BRDA:90,3,0,0
BRDA:90,3,1,0
BRDA:95,4,0,0
BRDA:95,4,1,0
BRDA:130,5,0,0
BRDA:130,5,1,0
BRF:13
BRH:0
end_of_record
TN:
SF:src/screens/SignIn/index.tsx
FN:24,(anonymous_0)
FN:30,handleSignInWithGoogle
FN:42,handleSignInWithApple
FNF:3
FNH:0
FNDA:0,(anonymous_0)
FNDA:0,handleSignInWithGoogle
FNDA:0,handleSignInWithApple
DA:24,0
DA:25,0
DA:27,0
DA:28,0
DA:31,0
DA:32,0
DA:33,0
DA:35,0
DA:36,0
DA:37,0
DA:43,0
DA:44,0
DA:45,0
DA:47,0
DA:48,0
DA:49,0
DA:53,0
LF:17
LH:0
BRDA:83,0,0,0
BRDA:83,0,1,0
BRDA:92,1,0,0
BRDA:92,1,1,0
BRF:4
BRH:0
end_of_record
